TN:
SF:/Users/Tess/alchemy/career-track/week-01/exploring-models-lab/lib/app.js
FN:11,(anonymous_0)
FN:22,(anonymous_1)
FN:26,(anonymous_2)
FN:30,(anonymous_3)
FN:32,(anonymous_4)
FN:34,(anonymous_5)
FN:38,(anonymous_6)
FN:40,(anonymous_7)
FN:44,(anonymous_8)
FN:46,(anonymous_9)
FNF:10
FNH:6
FNDA:1,(anonymous_0)
FNDA:1,(anonymous_1)
FNDA:3,(anonymous_2)
FNDA:3,(anonymous_3)
FNDA:1,(anonymous_4)
FNDA:1,(anonymous_5)
FNDA:0,(anonymous_6)
FNDA:0,(anonymous_7)
FNDA:0,(anonymous_8)
FNDA:0,(anonymous_9)
DA:1,1
DA:3,1
DA:4,1
DA:7,1
DA:11,1
DA:13,1
DA:15,1
DA:22,1
DA:26,1
DA:28,3
DA:29,3
DA:30,3
DA:32,1
DA:33,1
DA:34,1
DA:38,1
DA:39,0
DA:40,0
DA:44,1
DA:45,0
DA:46,0
DA:49,1
LF:22
LH:18
BRF:0
BRH:0
end_of_record
TN:
SF:/Users/Tess/alchemy/career-track/week-01/exploring-models-lab/lib/models/Tree.js
FNF:0
FNH:0
DA:1,2
DA:3,2
DA:28,2
LF:3
LH:3
BRF:0
BRH:0
end_of_record
TN:
SF:/Users/Tess/alchemy/career-track/week-01/exploring-models-lab/lib/utils/connect.js
FN:4,connect
FN:10,(anonymous_1)
FN:14,(anonymous_2)
FN:19,disconnect
FNF:4
FNH:3
FNDA:1,connect
FNDA:1,(anonymous_1)
FNDA:0,(anonymous_2)
FNDA:1,disconnect
DA:1,1
DA:2,1
DA:5,1
DA:10,1
DA:11,1
DA:14,1
DA:15,0
DA:20,1
DA:21,1
DA:24,1
LF:10
LH:9
BRF:0
BRH:0
end_of_record
